
================================================================================
检查所有算法和攻击组合
================================================================================
配置: 1轮, 20客户端, 4恶意

总测试数: 35

[1/35] FedAvg_RW + Benign... 
============================================================
加载 Adult Income 数据集
============================================================
[OK] Adult数据集加载完成
   训练集: 30162 样本
   测试集: 15059 样本
   特征数: 13
   敏感属性: sex (Male=1, Female=0)
参与聚合的客户端: [0, 1, 2, 3, 4, 5, 6, 7, 8, 9, 10, 11, 12, 13, 14, 15, 16, 17, 18, 19]
[OK] ACC=0.7543
[2/35] FedAvg_RW + F Flip... 
============================================================
加载 Adult Income 数据集
============================================================
[OK] Adult数据集加载完成
   训练集: 30162 样本
   测试集: 15059 样本
   特征数: 13
   敏感属性: sex (Male=1, Female=0)
[ERROR] name 'A_PRIVILEGED' is not defined
[3/35] FedAvg_RW + FOE... 
============================================================
加载 Adult Income 数据集
============================================================
[OK] Adult数据集加载完成
   训练集: 30162 样本
   测试集: 15059 样本
   特征数: 13
   敏感属性: sex (Male=1, Female=0)
客户端 0 将执行攻击acc_0.5: 模型权重*-0.5。
客户端 1 将执行攻击acc_0.5: 模型权重*-0.5。
客户端 2 将执行攻击acc_0.5: 模型权重*-0.5。
客户端 3 将执行攻击acc_0.5: 模型权重*-0.5。
参与聚合的客户端: [0, 1, 2, 3, 4, 5, 6, 7, 8, 9, 10, 11, 12, 13, 14, 15, 16, 17, 18, 19]
[OK] ACC=0.7543
[4/35] FedAvg_RW + S-DFA... 
============================================================
加载 Adult Income 数据集
============================================================
[OK] Adult数据集加载完成
   训练集: 30162 样本
   测试集: 15059 样本
   特征数: 13
   敏感属性: sex (Male=1, Female=0)
[ERROR] name 'A_PRIVILEGED' is not defined
[5/35] FedAvg_RW + Sp-DFA... 
============================================================
加载 Adult Income 数据集
============================================================
[OK] Adult数据集加载完成
   训练集: 30162 样本
   测试集: 15059 样本
   特征数: 13
   敏感属性: sex (Male=1, Female=0)
客户端 0 未执行任何攻击。
客户端 1 未执行任何攻击。
客户端 2 未执行任何攻击。
客户端 3 未执行任何攻击。
参与聚合的客户端: [0, 1, 2, 3, 4, 5, 6, 7, 8, 9, 10, 11, 12, 13, 14, 15, 16, 17, 18, 19]
[OK] ACC=0.7543
[6/35] FairFed_RW + Benign... 
============================================================
加载 Adult Income 数据集
============================================================
[OK] Adult数据集加载完成
   训练集: 30162 样本
   测试集: 15059 样本
   特征数: 13
   敏感属性: sex (Male=1, Female=0)
参与聚合的客户端: [0, 1, 2, 3, 4, 5, 6, 7, 8, 9, 10, 11, 12, 13, 14, 15, 16, 17, 18, 19]
[OK] ACC=0.7543
[7/35] FairFed_RW + F Flip... 
============================================================
加载 Adult Income 数据集
============================================================
[OK] Adult数据集加载完成
   训练集: 30162 样本
   测试集: 15059 样本
   特征数: 13
   敏感属性: sex (Male=1, Female=0)
[ERROR] name 'A_PRIVILEGED' is not defined
[8/35] FairFed_RW + FOE... 
============================================================
加载 Adult Income 数据集
============================================================
[OK] Adult数据集加载完成
   训练集: 30162 样本
   测试集: 15059 样本
   特征数: 13
   敏感属性: sex (Male=1, Female=0)
客户端 0 将执行攻击acc_0.5: 模型权重*-0.5。
客户端 1 将执行攻击acc_0.5: 模型权重*-0.5。
客户端 2 将执行攻击acc_0.5: 模型权重*-0.5。
客户端 3 将执行攻击acc_0.5: 模型权重*-0.5。
参与聚合的客户端: [0, 1, 2, 3, 4, 5, 6, 7, 8, 9, 10, 11, 12, 13, 14, 15, 16, 17, 18, 19]
[OK] ACC=0.7543
[9/35] FairFed_RW + S-DFA... 
============================================================
加载 Adult Income 数据集
============================================================
[OK] Adult数据集加载完成
   训练集: 30162 样本
   测试集: 15059 样本
   特征数: 13
   敏感属性: sex (Male=1, Female=0)
[ERROR] name 'A_PRIVILEGED' is not defined
[10/35] FairFed_RW + Sp-DFA... 
============================================================
加载 Adult Income 数据集
============================================================
[OK] Adult数据集加载完成
   训练集: 30162 样本
   测试集: 15059 样本
   特征数: 13
   敏感属性: sex (Male=1, Female=0)
客户端 0 未执行任何攻击。
客户端 1 未执行任何攻击。
客户端 2 未执行任何攻击。
客户端 3 未执行任何攻击。
参与聚合的客户端: [0, 1, 2, 3, 4, 5, 6, 7, 8, 9, 10, 11, 12, 13, 14, 15, 16, 17, 18, 19]
[OK] ACC=0.7543
[11/35] Medium_RW + Benign... 
============================================================
加载 Adult Income 数据集
============================================================
[OK] Adult数据集加载完成
   训练集: 30162 样本
   测试集: 15059 样本
   特征数: 13
   敏感属性: sex (Male=1, Female=0)
参与聚合的客户端: [0, 1, 2, 3, 4, 5, 6, 7, 8, 9, 10, 11, 12, 13, 14, 15, 16, 17, 18, 19]
[OK] ACC=0.7543
[12/35] Medium_RW + F Flip... 
============================================================
加载 Adult Income 数据集
============================================================
[OK] Adult数据集加载完成
   训练集: 30162 样本
   测试集: 15059 样本
   特征数: 13
   敏感属性: sex (Male=1, Female=0)
[ERROR] name 'A_PRIVILEGED' is not defined
[13/35] Medium_RW + FOE... 
============================================================
加载 Adult Income 数据集
============================================================
[OK] Adult数据集加载完成
   训练集: 30162 样本
   测试集: 15059 样本
   特征数: 13
   敏感属性: sex (Male=1, Female=0)
客户端 0 将执行攻击acc_0.5: 模型权重*-0.5。
客户端 1 将执行攻击acc_0.5: 模型权重*-0.5。
客户端 2 将执行攻击acc_0.5: 模型权重*-0.5。
客户端 3 将执行攻击acc_0.5: 模型权重*-0.5。
参与聚合的客户端: [0, 1, 2, 3, 4, 5, 6, 7, 8, 9, 10, 11, 12, 13, 14, 15, 16, 17, 18, 19]
[OK] ACC=0.7543
[14/35] Medium_RW + S-DFA... 
============================================================
加载 Adult Income 数据集
============================================================
[OK] Adult数据集加载完成
   训练集: 30162 样本
   测试集: 15059 样本
   特征数: 13
   敏感属性: sex (Male=1, Female=0)
[ERROR] name 'A_PRIVILEGED' is not defined
[15/35] Medium_RW + Sp-DFA... 
============================================================
加载 Adult Income 数据集
============================================================
[OK] Adult数据集加载完成
   训练集: 30162 样本
   测试集: 15059 样本
   特征数: 13
   敏感属性: sex (Male=1, Female=0)
客户端 0 未执行任何攻击。
客户端 1 未执行任何攻击。
客户端 2 未执行任何攻击。
客户端 3 未执行任何攻击。
参与聚合的客户端: [0, 1, 2, 3, 4, 5, 6, 7, 8, 9, 10, 11, 12, 13, 14, 15, 16, 17, 18, 19]
[OK] ACC=0.7543
[16/35] FLTrust_RW + Benign... 
============================================================
加载 Adult Income 数据集
============================================================
[OK] Adult数据集加载完成
   训练集: 30162 样本
   测试集: 15059 样本
   特征数: 13
   敏感属性: sex (Male=1, Female=0)
[OK] ACC=0.7587
[17/35] FLTrust_RW + F Flip... 
============================================================
加载 Adult Income 数据集
============================================================
[OK] Adult数据集加载完成
   训练集: 30162 样本
   测试集: 15059 样本
   特征数: 13
   敏感属性: sex (Male=1, Female=0)
[ERROR] name 'A_PRIVILEGED' is not defined
[18/35] FLTrust_RW + FOE... 
============================================================
加载 Adult Income 数据集
============================================================
[OK] Adult数据集加载完成
   训练集: 30162 样本
   测试集: 15059 样本
   特征数: 13
   敏感属性: sex (Male=1, Female=0)
客户端 0 将执行攻击acc_0.5: 模型权重*-0.5。
客户端 1 将执行攻击acc_0.5: 模型权重*-0.5。
客户端 2 将执行攻击acc_0.5: 模型权重*-0.5。
客户端 3 将执行攻击acc_0.5: 模型权重*-0.5。
[OK] ACC=0.7587
[19/35] FLTrust_RW + S-DFA... 
============================================================
加载 Adult Income 数据集
============================================================
[OK] Adult数据集加载完成
   训练集: 30162 样本
   测试集: 15059 样本
   特征数: 13
   敏感属性: sex (Male=1, Female=0)
[ERROR] name 'A_PRIVILEGED' is not defined
[20/35] FLTrust_RW + Sp-DFA... 
============================================================
加载 Adult Income 数据集
============================================================
[OK] Adult数据集加载完成
   训练集: 30162 样本
   测试集: 15059 样本
   特征数: 13
   敏感属性: sex (Male=1, Female=0)
客户端 0 未执行任何攻击。
客户端 1 未执行任何攻击。
客户端 2 未执行任何攻击。
客户端 3 未执行任何攻击。
[OK] ACC=0.7587
[21/35] FedAvg_RW_FairG + Benign... 
============================================================
加载 Adult Income 数据集
============================================================
[OK] Adult数据集加载完成
   训练集: 30162 样本
   测试集: 15059 样本
   特征数: 13
   敏感属性: sex (Male=1, Female=0)
参与聚合的客户端: [0, 1, 2, 3, 4, 5, 6, 7, 8, 9, 10, 11, 12, 13, 14, 15, 16, 17, 18, 19]
[OK] ACC=0.7543
[22/35] FedAvg_RW_FairG + F Flip... 
============================================================
加载 Adult Income 数据集
============================================================
[OK] Adult数据集加载完成
   训练集: 30162 样本
   测试集: 15059 样本
   特征数: 13
   敏感属性: sex (Male=1, Female=0)
[ERROR] name 'A_PRIVILEGED' is not defined
[23/35] FedAvg_RW_FairG + FOE... 
============================================================
加载 Adult Income 数据集
============================================================
[OK] Adult数据集加载完成
   训练集: 30162 样本
   测试集: 15059 样本
   特征数: 13
   敏感属性: sex (Male=1, Female=0)
客户端 0 将执行攻击acc_0.5: 模型权重*-0.5。
客户端 1 将执行攻击acc_0.5: 模型权重*-0.5。
客户端 2 将执行攻击acc_0.5: 模型权重*-0.5。
客户端 3 将执行攻击acc_0.5: 模型权重*-0.5。
参与聚合的客户端: [0, 1, 2, 3, 4, 5, 6, 7, 8, 9, 10, 11, 12, 13, 14, 15, 16, 17, 18, 19]
[OK] ACC=0.7543
[24/35] FedAvg_RW_FairG + S-DFA... 
============================================================
加载 Adult Income 数据集
============================================================
[OK] Adult数据集加载完成
   训练集: 30162 样本
   测试集: 15059 样本
   特征数: 13
   敏感属性: sex (Male=1, Female=0)
[ERROR] name 'A_PRIVILEGED' is not defined
[25/35] FedAvg_RW_FairG + Sp-DFA... 
============================================================
加载 Adult Income 数据集
============================================================
[OK] Adult数据集加载完成
   训练集: 30162 样本
   测试集: 15059 样本
   特征数: 13
   敏感属性: sex (Male=1, Female=0)
客户端 0 未执行任何攻击。
客户端 1 未执行任何攻击。
客户端 2 未执行任何攻击。
客户端 3 未执行任何攻击。
参与聚合的客户端: [0, 1, 2, 3, 4, 5, 6, 7, 8, 9, 10, 11, 12, 13, 14, 15, 16, 17, 18, 19]
[OK] ACC=0.7543
[26/35] FLTrust_RW_FairG + Benign... 
============================================================
加载 Adult Income 数据集
============================================================
[OK] Adult数据集加载完成
   训练集: 30162 样本
   测试集: 15059 样本
   特征数: 13
   敏感属性: sex (Male=1, Female=0)
[OK] ACC=0.7587
[27/35] FLTrust_RW_FairG + F Flip... 
============================================================
加载 Adult Income 数据集
============================================================
[OK] Adult数据集加载完成
   训练集: 30162 样本
   测试集: 15059 样本
   特征数: 13
   敏感属性: sex (Male=1, Female=0)
[ERROR] name 'A_PRIVILEGED' is not defined
[28/35] FLTrust_RW_FairG + FOE... 
============================================================
加载 Adult Income 数据集
============================================================
[OK] Adult数据集加载完成
   训练集: 30162 样本
   测试集: 15059 样本
   特征数: 13
   敏感属性: sex (Male=1, Female=0)
客户端 0 将执行攻击acc_0.5: 模型权重*-0.5。
客户端 1 将执行攻击acc_0.5: 模型权重*-0.5。
客户端 2 将执行攻击acc_0.5: 模型权重*-0.5。
客户端 3 将执行攻击acc_0.5: 模型权重*-0.5。
[OK] ACC=0.7587
[29/35] FLTrust_RW_FairG + S-DFA... 
============================================================
加载 Adult Income 数据集
============================================================
[OK] Adult数据集加载完成
   训练集: 30162 样本
   测试集: 15059 样本
   特征数: 13
   敏感属性: sex (Male=1, Female=0)
[ERROR] name 'A_PRIVILEGED' is not defined
[30/35] FLTrust_RW_FairG + Sp-DFA... 
============================================================
加载 Adult Income 数据集
============================================================
[OK] Adult数据集加载完成
   训练集: 30162 样本
   测试集: 15059 样本
   特征数: 13
   敏感属性: sex (Male=1, Female=0)
客户端 0 未执行任何攻击。
客户端 1 未执行任何攻击。
客户端 2 未执行任何攻击。
客户端 3 未执行任何攻击。
[OK] ACC=0.7587
[31/35] FedAvg_RW_FairCosG + Benign... 
============================================================
加载 Adult Income 数据集
============================================================
[OK] Adult数据集加载完成
   训练集: 30162 样本
   测试集: 15059 样本
   特征数: 13
   敏感属性: sex (Male=1, Female=0)
参与聚合的客户端: [0, 1, 2, 3, 4, 5, 6, 7, 8, 9, 10, 11, 12, 13, 14, 15, 16, 17, 18, 19]
[OK] ACC=0.7543
[32/35] FedAvg_RW_FairCosG + F Flip... 
============================================================
加载 Adult Income 数据集
============================================================
[OK] Adult数据集加载完成
   训练集: 30162 样本
   测试集: 15059 样本
   特征数: 13
   敏感属性: sex (Male=1, Female=0)
[ERROR] name 'A_PRIVILEGED' is not defined
[33/35] FedAvg_RW_FairCosG + FOE... 
============================================================
加载 Adult Income 数据集
============================================================
[OK] Adult数据集加载完成
   训练集: 30162 样本
   测试集: 15059 样本
   特征数: 13
   敏感属性: sex (Male=1, Female=0)
客户端 0 将执行攻击acc_0.5: 模型权重*-0.5。
客户端 1 将执行攻击acc_0.5: 模型权重*-0.5。
客户端 2 将执行攻击acc_0.5: 模型权重*-0.5。
客户端 3 将执行攻击acc_0.5: 模型权重*-0.5。
参与聚合的客户端: [0, 1, 2, 3, 4, 5, 6, 7, 8, 9, 10, 11, 12, 13, 14, 15, 16, 17, 18, 19]
[OK] ACC=0.7543
[34/35] FedAvg_RW_FairCosG + S-DFA... 
============================================================
加载 Adult Income 数据集
============================================================
[OK] Adult数据集加载完成
   训练集: 30162 样本
   测试集: 15059 样本
   特征数: 13
   敏感属性: sex (Male=1, Female=0)
[ERROR] name 'A_PRIVILEGED' is not defined
[35/35] FedAvg_RW_FairCosG + Sp-DFA... 
============================================================
加载 Adult Income 数据集
============================================================
[OK] Adult数据集加载完成
   训练集: 30162 样本
   测试集: 15059 样本
   特征数: 13
   敏感属性: sex (Male=1, Female=0)
客户端 0 未执行任何攻击。
客户端 1 未执行任何攻击。
客户端 2 未执行任何攻击。
客户端 3 未执行任何攻击。
参与聚合的客户端: [0, 1, 2, 3, 4, 5, 6, 7, 8, 9, 10, 11, 12, 13, 14, 15, 16, 17, 18, 19]
[OK] ACC=0.7543

================================================================================
测试总结
================================================================================
成功: 21/35
失败: 14/35

失败的测试:
--------------------------------------------------------------------------------

FedAvg_RW + F Flip:
  错误: name 'A_PRIVILEGED' is not defined

FedAvg_RW + S-DFA:
  错误: name 'A_PRIVILEGED' is not defined

FairFed_RW + F Flip:
  错误: name 'A_PRIVILEGED' is not defined

FairFed_RW + S-DFA:
  错误: name 'A_PRIVILEGED' is not defined

Medium_RW + F Flip:
  错误: name 'A_PRIVILEGED' is not defined

Medium_RW + S-DFA:
  错误: name 'A_PRIVILEGED' is not defined

FLTrust_RW + F Flip:
  错误: name 'A_PRIVILEGED' is not defined

FLTrust_RW + S-DFA:
  错误: name 'A_PRIVILEGED' is not defined

FedAvg_RW_FairG + F Flip:
  错误: name 'A_PRIVILEGED' is not defined

FedAvg_RW_FairG + S-DFA:
  错误: name 'A_PRIVILEGED' is not defined

FLTrust_RW_FairG + F Flip:
  错误: name 'A_PRIVILEGED' is not defined

FLTrust_RW_FairG + S-DFA:
  错误: name 'A_PRIVILEGED' is not defined

FedAvg_RW_FairCosG + F Flip:
  错误: name 'A_PRIVILEGED' is not defined

FedAvg_RW_FairCosG + S-DFA:
  错误: name 'A_PRIVILEGED' is not defined

================================================================================
